<?xml version="1.0" encoding="UTF-8"?>
<!-- Generated by org.testng.reporters.JUnitXMLReporter -->
<testsuite hostname="PC009808" ignored="0" name="Test" tests="1" failures="1" timestamp="18 Aug 2018 19:46:12 GMT" time="0.089" errors="0">
  <testcase name="signUp" time="0.023" classname="UIAutomationTest.AutomationPractice">
    <failure type="java.lang.NullPointerException">
      <![CDATA[java.lang.NullPointerException
at UIAutomationTest.AutomationPractice.signUp(AutomationPractice.java:21)
... Removed 25 stack frames]]>
    </failure>
  </testcase> <!-- signUp -->
</testsuite> <!-- Test -->
