<?xml version="1.0" encoding="UTF-8"?>
<!-- Generated by org.testng.reporters.JUnitXMLReporter -->
<testsuite hostname="PC009808" ignored="0" name="Sign Up Firefox" tests="3" failures="0" timestamp="24 Aug 2018 12:52:54 GMT" time="87.113" errors="0">
  <testcase name="signUp" time="10.239" classname="common.UIAutomationTest.ExecutionClass"/>
  <testcase name="logInTest" time="4.676" classname="common.UIAutomationTest.ExecutionClass"/>
  <testcase name="checkoutTest" time="25.244" classname="common.UIAutomationTest.ExecutionClass"/>
</testsuite> <!-- Sign Up Firefox -->
