<?xml version="1.0" encoding="UTF-8"?>
<!-- Generated by org.testng.reporters.JUnitXMLReporter -->
<testsuite hostname="PC009808" ignored="0" name="Sign Up2" tests="3" failures="0" timestamp="23 Aug 2018 12:50:36 GMT" time="90.813" errors="0">
  <testcase name="signUp" time="16.546" classname="common.UIAutomationTest.ExecutionClass"/>
  <testcase name="logInTest" time="7.69" classname="common.UIAutomationTest.ExecutionClass"/>
  <testcase name="checkoutTest" time="38.984" classname="common.UIAutomationTest.ExecutionClass"/>
</testsuite> <!-- Sign Up2 -->
