<?xml version="1.0" encoding="UTF-8"?>
<!-- Generated by org.testng.reporters.JUnitXMLReporter -->
<testsuite hostname="PC009808" ignored="0" name="Sign Up Chrome" tests="3" failures="0" timestamp="23 Aug 2018 14:18:41 GMT" time="111.393" errors="0">
  <testcase name="signUp" time="16.914" classname="common.UIAutomationTest.ExecutionClass"/>
  <testcase name="logInTest" time="6.052" classname="common.UIAutomationTest.ExecutionClass"/>
  <testcase name="checkoutTest" time="39.311" classname="common.UIAutomationTest.ExecutionClass"/>
</testsuite> <!-- Sign Up Chrome -->
