<?xml version="1.0" encoding="UTF-8"?>
<!-- Generated by org.testng.reporters.JUnitXMLReporter -->
<testsuite hostname="PC009808" ignored="0" name="Sign Up" tests="3" failures="0" timestamp="23 Aug 2018 12:09:35 GMT" time="100.103" errors="0">
  <testcase name="signUp" time="15.128" classname="common.UIAutomationTest.ExecutionClass"/>
  <testcase name="logInTest" time="6.374" classname="common.UIAutomationTest.ExecutionClass"/>
  <testcase name="checkoutTest" time="33.865" classname="common.UIAutomationTest.ExecutionClass"/>
</testsuite> <!-- Sign Up -->
