<?xml version="1.0" encoding="UTF-8"?>
<!-- Generated by org.testng.reporters.JUnitXMLReporter -->
<testsuite hostname="PC009808" ignored="0" name="Sign Up Firefox" tests="3" failures="0" timestamp="23 Aug 2018 14:18:37 GMT" time="106.974" errors="0">
  <testcase name="signUp" time="12.409" classname="common.UIAutomationTest.ExecutionClass"/>
  <testcase name="logInTest" time="6.732" classname="common.UIAutomationTest.ExecutionClass"/>
  <testcase name="checkoutTest" time="36.135" classname="common.UIAutomationTest.ExecutionClass"/>
</testsuite> <!-- Sign Up Firefox -->
