<?xml version="1.0" encoding="UTF-8"?>
<!-- Generated by org.testng.reporters.JUnitXMLReporter -->
<testsuite hostname="PC009808" ignored="0" name="Sign Up1" tests="3" failures="0" timestamp="23 Aug 2018 12:50:34 GMT" time="88.151" errors="0">
  <testcase name="signUp" time="10.525" classname="common.UIAutomationTest.ExecutionClass"/>
  <testcase name="logInTest" time="5.315" classname="common.UIAutomationTest.ExecutionClass"/>
  <testcase name="checkoutTest" time="22.637" classname="common.UIAutomationTest.ExecutionClass"/>
</testsuite> <!-- Sign Up1 -->
