<?xml version="1.0" encoding="UTF-8"?>
<!-- Generated by org.testng.reporters.JUnitXMLReporter -->
<testsuite hostname="PC009808" ignored="0" name="Sign Up Chrome" tests="3" failures="0" timestamp="24 Aug 2018 12:52:41 GMT" time="74.609" errors="0">
  <testcase name="signUp" time="15.142" classname="common.UIAutomationTest.ExecutionClass"/>
  <testcase name="logInTest" time="5.701" classname="common.UIAutomationTest.ExecutionClass"/>
  <testcase name="checkoutTest" time="26.616" classname="common.UIAutomationTest.ExecutionClass"/>
</testsuite> <!-- Sign Up Chrome -->
