<?xml version="1.0" encoding="UTF-8"?>
<testng-results skipped="0" failed="0" ignored="0" total="3" passed="3">
  <reporter-output>
  </reporter-output>
  <suite name="Suite" duration-ms="6662" started-at="2018-08-23T15:21:16Z" finished-at="2018-08-23T15:21:23Z">
    <groups>
    </groups>
    <test name="Test" duration-ms="6662" started-at="2018-08-23T15:21:16Z" finished-at="2018-08-23T15:21:23Z">
      <class name="APITest.ExecutionClass">
        <test-method status="PASS" signature="getAllCountries(java.lang.String)[pri:0, instance:APITest.ExecutionClass@26653222]" name="getAllCountries" duration-ms="5355" started-at="2018-08-23T15:21:16Z" finished-at="2018-08-23T15:21:22Z">
          <params>
            <param index="0">
              <value>
                <![CDATA[http://services.groupkt.com/country/get]]>
              </value>
            </param>
          </params>
          <reporter-output>
          </reporter-output>
        </test-method> <!-- getAllCountries -->
        <test-method status="PASS" signature="getEachCountryAndValidate(java.lang.String)[pri:1, instance:APITest.ExecutionClass@26653222]" name="getEachCountryAndValidate" duration-ms="952" started-at="2018-08-23T15:21:22Z" finished-at="2018-08-23T15:21:23Z">
          <params>
            <param index="0">
              <value>
                <![CDATA[http://services.groupkt.com/country/get]]>
              </value>
            </param>
          </params>
          <reporter-output>
          </reporter-output>
        </test-method> <!-- getEachCountryAndValidate -->
        <test-method status="PASS" signature="addNewCountry(java.lang.String)[pri:2, instance:APITest.ExecutionClass@26653222]" name="addNewCountry" duration-ms="298" started-at="2018-08-23T15:21:23Z" finished-at="2018-08-23T15:21:23Z">
          <params>
            <param index="0">
              <value>
                <![CDATA[http://services.groupkt.com/country/get]]>
              </value>
            </param>
          </params>
          <reporter-output>
          </reporter-output>
        </test-method> <!-- addNewCountry -->
      </class> <!-- APITest.ExecutionClass -->
    </test> <!-- Test -->
  </suite> <!-- Suite -->
</testng-results>
