<?xml version="1.0" encoding="UTF-8"?>
<testng-results skipped="0" failed="0" ignored="0" total="3" passed="3">
  <reporter-output>
  </reporter-output>
  <suite name="API Test" duration-ms="8965" started-at="2018-08-24T13:11:53Z" finished-at="2018-08-24T13:12:02Z">
    <groups>
    </groups>
    <test name="Test" duration-ms="8965" started-at="2018-08-24T13:11:53Z" finished-at="2018-08-24T13:12:02Z">
      <class name="APITest.ExecutionClass">
        <test-method status="PASS" signature="getAllCountries(java.lang.String)[pri:0, instance:APITest.ExecutionClass@29ee9faa]" name="getAllCountries" duration-ms="7576" started-at="2018-08-24T13:11:53Z" finished-at="2018-08-24T13:12:01Z">
          <params>
            <param index="0">
              <value>
                <![CDATA[http://services.groupkt.com/country/get]]>
              </value>
            </param>
          </params>
          <reporter-output>
          </reporter-output>
        </test-method> <!-- getAllCountries -->
        <test-method status="PASS" signature="getEachCountryAndValidate(java.lang.String)[pri:1, instance:APITest.ExecutionClass@29ee9faa]" name="getEachCountryAndValidate" duration-ms="961" started-at="2018-08-24T13:12:01Z" finished-at="2018-08-24T13:12:02Z">
          <params>
            <param index="0">
              <value>
                <![CDATA[http://services.groupkt.com/country/get]]>
              </value>
            </param>
          </params>
          <reporter-output>
          </reporter-output>
        </test-method> <!-- getEachCountryAndValidate -->
        <test-method status="PASS" signature="addNewCountry(java.lang.String)[pri:2, instance:APITest.ExecutionClass@29ee9faa]" name="addNewCountry" duration-ms="299" started-at="2018-08-24T13:12:02Z" finished-at="2018-08-24T13:12:02Z">
          <params>
            <param index="0">
              <value>
                <![CDATA[http://services.groupkt.com/country/get]]>
              </value>
            </param>
          </params>
          <reporter-output>
          </reporter-output>
        </test-method> <!-- addNewCountry -->
      </class> <!-- APITest.ExecutionClass -->
    </test> <!-- Test -->
  </suite> <!-- API Test -->
</testng-results>
