<?xml version="1.0" encoding="UTF-8"?>
<!-- Generated by org.testng.reporters.JUnitXMLReporter -->
<testsuite hostname="PC009808" ignored="0" name="Default test" tests="3" failures="0" timestamp="22 Aug 2018 21:34:19 GMT" time="107.934" errors="0">
  <testcase name="checkoutTest" time="31.557" classname="common.UIAutomationTest.ExecutionClass"/>
  <testcase name="logInTest" time="7.106" classname="common.UIAutomationTest.ExecutionClass"/>
  <testcase name="signUp" time="13.492" classname="common.UIAutomationTest.ExecutionClass"/>
</testsuite> <!-- Default test -->
