<?xml version="1.0" encoding="UTF-8"?>
<!-- Generated by org.testng.reporters.JUnitXMLReporter -->
<testsuite hostname="PC009808" ignored="0" name="Test" tests="3" failures="3" timestamp="24 Aug 2018 11:56:00 GMT" time="0.132" errors="0">
  <testcase name="getAllCountries" time="0.032" classname="APITest.ExecutionClass">
    <failure type="java.lang.NoClassDefFoundError" message="groovy/lang/GroovyObject">
      <![CDATA[java.lang.NoClassDefFoundError: groovy/lang/GroovyObject
at java.lang.ClassLoader.defineClass1(Native Method)
at java.lang.ClassLoader.defineClass(Unknown Source)
at java.security.SecureClassLoader.defineClass(Unknown Source)
at java.net.URLClassLoader.defineClass(Unknown Source)
at java.net.URLClassLoader.access$100(Unknown Source)
at java.net.URLClassLoader$1.run(Unknown Source)
at java.net.URLClassLoader$1.run(Unknown Source)
at java.security.AccessController.doPrivileged(Native Method)
at java.net.URLClassLoader.findClass(Unknown Source)
at java.lang.ClassLoader.loadClass(Unknown Source)
at sun.misc.Launcher$AppClassLoader.loadClass(Unknown Source)
at java.lang.ClassLoader.loadClass(Unknown Source)
at io.restassured.RestAssured.<clinit>(RestAssured.java:346)
at APITest.ExecutionClass.getAllCountries(ExecutionClass.java:29)
Caused by: java.lang.ClassNotFoundException: groovy.lang.GroovyObject
at java.net.URLClassLoader$1.run(Unknown Source)
at java.net.URLClassLoader$1.run(Unknown Source)
at java.security.AccessController.doPrivileged(Native Method)
at java.net.URLClassLoader.findClass(Unknown Source)
at java.lang.ClassLoader.loadClass(Unknown Source)
at sun.misc.Launcher$AppClassLoader.loadClass(Unknown Source)
at java.lang.ClassLoader.loadClass(Unknown Source)
... 39 more
Caused by: java.util.zip.ZipException: invalid LOC header (bad signature)
at java.util.zip.ZipFile.read(Native Method)
at java.util.zip.ZipFile.access$1400(Unknown Source)
at java.util.zip.ZipFile$ZipFileInputStream.read(Unknown Source)
at java.util.zip.ZipFile$ZipFileInflaterInputStream.fill(Unknown Source)
at java.util.zip.InflaterInputStream.read(Unknown Source)
at java.util.jar.Manifest$FastInputStream.fill(Unknown Source)
at java.util.jar.Manifest$FastInputStream.readLine(Unknown Source)
at java.util.jar.Manifest$FastInputStream.readLine(Unknown Source)
at java.util.jar.Attributes.read(Unknown Source)
at java.util.jar.Manifest.read(Unknown Source)
at java.util.jar.Manifest.<init>(Unknown Source)
at java.util.jar.JarFile.getManifestFromReference(Unknown Source)
at java.util.jar.JarFile.getManifest(Unknown Source)
at sun.misc.URLClassPath$JarLoader$2.getManifest(Unknown Source)
at java.net.URLClassLoader.defineClass(Unknown Source)
at java.net.URLClassLoader.access$100(Unknown Source)
... 46 more
... Removed 25 stack frames]]>
    </failure>
  </testcase> <!-- getAllCountries -->
  <testcase name="getEachCountryAndValidate" time="0.005" classname="APITest.ExecutionClass">
    <failure type="java.lang.NoClassDefFoundError" message="Could not initialize class io.restassured.RestAssured">
      <![CDATA[java.lang.NoClassDefFoundError: Could not initialize class io.restassured.RestAssured
at APITest.ExecutionClass.getEachCountryAndValidate(ExecutionClass.java:95)
... Removed 25 stack frames]]>
    </failure>
  </testcase> <!-- getEachCountryAndValidate -->
  <testcase name="addNewCountry" time="0.003" classname="APITest.ExecutionClass">
    <failure type="java.lang.NoClassDefFoundError" message="Could not initialize class io.restassured.RestAssured">
      <![CDATA[java.lang.NoClassDefFoundError: Could not initialize class io.restassured.RestAssured
at APITest.ExecutionClass.addNewCountry(ExecutionClass.java:144)
... Removed 25 stack frames]]>
    </failure>
  </testcase> <!-- addNewCountry -->
</testsuite> <!-- Test -->
