<?xml version="1.0" encoding="UTF-8"?>
<!-- Generated by org.testng.reporters.JUnitXMLReporter -->
<testsuite hostname="PC009808" ignored="0" name="Test" tests="3" failures="0" timestamp="23 Aug 2018 15:21:23 GMT" time="6.662" errors="0">
  <testcase name="getAllCountries" time="5.355" classname="APITest.ExecutionClass"/>
  <testcase name="getEachCountryAndValidate" time="0.952" classname="APITest.ExecutionClass"/>
  <testcase name="addNewCountry" time="0.298" classname="APITest.ExecutionClass"/>
</testsuite> <!-- Test -->
