<?xml version="1.0" encoding="UTF-8"?>
<!-- Generated by org.testng.reporters.JUnitXMLReporter -->
<testsuite hostname="PC009808" ignored="0" name="Test" tests="3" failures="0" timestamp="24 Aug 2018 13:41:35 GMT" time="7.238" errors="0">
  <testcase name="getAllCountries" time="5.962" classname="APITest.ExecutionClass"/>
  <testcase name="getEachCountryAndValidate" time="0.902" classname="APITest.ExecutionClass"/>
  <testcase name="addNewCountry" time="0.282" classname="APITest.ExecutionClass"/>
</testsuite> <!-- Test -->
