<?xml version="1.0" encoding="UTF-8"?>
<!-- Generated by org.testng.reporters.JUnitXMLReporter -->
<testsuite hostname="PC009808" ignored="0" name="Test" tests="3" failures="0" timestamp="24 Aug 2018 13:12:02 GMT" time="8.965" errors="0">
  <testcase name="getAllCountries" time="7.576" classname="APITest.ExecutionClass"/>
  <testcase name="getEachCountryAndValidate" time="0.961" classname="APITest.ExecutionClass"/>
  <testcase name="addNewCountry" time="0.299" classname="APITest.ExecutionClass"/>
</testsuite> <!-- Test -->
