<?xml version="1.0" encoding="UTF-8"?>
<!-- Generated by org.testng.reporters.JUnitXMLReporter -->
<testsuite hostname="PC009808" ignored="2" name="Sign Up Chrome" tests="1" failures="0" timestamp="20 Aug 2018 19:14:24 GMT" time="0.02" errors="0">
  <testcase name="@AfterMethod takeScreenShotOnFailure" time="0.0" classname="common.UIAutomationTest.AutomationPractice">
    <skipped/>
  </testcase> <!-- @AfterMethod takeScreenShotOnFailure -->
  <testcase name="signUp" time="0.0" classname="common.UIAutomationTest.AutomationPractice">
    <skipped/>
  </testcase> <!-- signUp -->
  <testcase name="logIn" time="0.0" classname="common.UIAutomationTest.AutomationPractice">
    <ignored/>
  </testcase> <!-- logIn -->
  <testcase name="signOut" time="0.0" classname="common.UIAutomationTest.AutomationPractice">
    <ignored/>
  </testcase> <!-- signOut -->
</testsuite> <!-- Sign Up Chrome -->
