<?xml version="1.0" encoding="UTF-8"?>
<!-- Generated by org.testng.reporters.JUnitXMLReporter -->
<testsuite hostname="PC009808" ignored="1" name="Sign Up" tests="1" failures="1" timestamp="22 Aug 2018 14:58:46 GMT" time="9.788" errors="0">
  <testcase name="logInTest" time="5.995" classname="common.UIAutomationTest.WebTest">
    <failure type="java.lang.AssertionError" message="Account verified for logged in user expected [null null] but found [Joe Black]">
      <![CDATA[java.lang.AssertionError: Account verified for logged in user expected [null null] but found [Joe Black]
at common.UIAutomationTest.WebTest.assertLogin(WebTest.java:228)
at common.UIAutomationTest.WebTest.logInTest(WebTest.java:246)
... Removed 30 stack frames]]>
    </failure>
  </testcase> <!-- logInTest -->
  <testcase name="signUp" time="0.0" classname="common.UIAutomationTest.WebTest">
    <ignored/>
  </testcase> <!-- signUp -->
</testsuite> <!-- Sign Up -->
