<?xml version="1.0" encoding="UTF-8"?>
<!-- Generated by org.testng.reporters.JUnitXMLReporter -->
<testsuite hostname="PC009808" ignored="2" name="Sign Out" tests="1" failures="0" timestamp="21 Aug 2018 11:18:35 GMT" time="0.011" errors="0">
  <testcase name="signOut" time="0.003" classname="common.UIAutomationTest.AutomationPractice"/>
  <testcase name="logIn" time="0.0" classname="common.UIAutomationTest.AutomationPractice">
    <ignored/>
  </testcase> <!-- logIn -->
  <testcase name="signUp" time="0.0" classname="common.UIAutomationTest.AutomationPractice">
    <ignored/>
  </testcase> <!-- signUp -->
</testsuite> <!-- Sign Out -->
